{"name":"Failed registration due to existing username","id":"user-registration-in-advantage-online-shopping;failed-registration-due-to-existing-username","scenarioId":"user_registration/UserRegistration:Failed registration due to existing username","methodName":"Failed registration due to existing username","testSteps":[{"number":1,"description":"Given that the customer navigates to the Advantage Online Shopping homepage","duration":790,"startTime":"2025-11-24T07:01:39.662644600-05:00[America/Bogota]","result":"SUCCESS","precondition":false,"level":0,"children":[{"number":2,"description":"Cliente abre la pÃ¡gina principal","duration":725,"startTime":"2025-11-24T07:01:39.718328300-05:00[America/Bogota]","result":"SUCCESS","precondition":false,"level":1,"children":[{"number":3,"description":"Cliente opens the browser at https://advantageonlineshopping.com/","duration":703,"startTime":"2025-11-24T07:01:39.731951300-05:00[America/Bogota]","result":"SUCCESS","precondition":false,"level":2}]}]},{"number":4,"description":"When he tries to register using an already registered username","duration":0,"startTime":"2025-11-24T07:01:40.453073500-05:00[America/Bogota]","precondition":false,"level":0,"children":[{"number":5,"description":"Cliente register","duration":23595,"startTime":"2025-11-24T07:01:40.457034300-05:00[America/Bogota]","screenshots":[{"screenshot":"c6b449681f3fa2885981f999c4895df4b9887a1f787cca4b00b599bc397720be.png","htmlSource":"pagesource17368352280310310258.html","timeStamp":1763985724050,"screenshotName":"c6b449681f3fa2885981f999c4895df4b9887a1f787cca4b00b599bc397720be.png"}],"exception":{"errorType":"java.lang.AssertionError","message":"\nExpected: an element that is visible\n     but: no matching element found by [[ChromeDriver: chrome on windows (e213514a0e5ee142f699f4fa42dce17c)] -\u003e id: registerSuccessCover]","stackTrace":[{"declaringClass":"co.edu.udea.calidad.automatizacion.tasks.Register","methodName":"performAs","fileName":"Register.java","lineNumber":40},{"declaringClass":"co.edu.udea.calidad.automatizacion.stepdefinitions.UserRegistrationStepDefinitions","methodName":"registerExistingUser","fileName":"UserRegistrationStepDefinitions.java","lineNumber":41},{"declaringClass":"worker.org.gradle.process.internal.worker.GradleWorkerMain","methodName":"run","fileName":"GradleWorkerMain.java","lineNumber":69},{"declaringClass":"worker.org.gradle.process.internal.worker.GradleWorkerMain","methodName":"main","fileName":"GradleWorkerMain.java","lineNumber":74}]},"result":"FAILURE","precondition":false,"level":1,"children":[{"number":6,"description":"Cliente clicks on user menu icon","duration":205,"startTime":"2025-11-24T07:01:40.916496100-05:00[America/Bogota]","result":"SUCCESS","precondition":false,"level":2},{"number":7,"description":"Cliente clicks on create new account link","duration":3523,"startTime":"2025-11-24T07:01:41.613794200-05:00[America/Bogota]","result":"SUCCESS","precondition":false,"level":2},{"number":8,"description":"Cliente enters \u0027nuevoUser8\u0027 into register username","duration":440,"startTime":"2025-11-24T07:01:45.407088-05:00[America/Bogota]","result":"SUCCESS","precondition":false,"level":2},{"number":9,"description":"Cliente enters \u0027email8@gmail.com\u0027 into register email","duration":409,"startTime":"2025-11-24T07:01:45.880796100-05:00[America/Bogota]","result":"SUCCESS","precondition":false,"level":2},{"number":10,"description":"Cliente enters \u0027Password1*\u0027 into register password","duration":489,"startTime":"2025-11-24T07:01:46.301775100-05:00[America/Bogota]","result":"SUCCESS","precondition":false,"level":2},{"number":11,"description":"Cliente enters \u0027Password1*\u0027 into repeat password","duration":450,"startTime":"2025-11-24T07:01:46.823475200-05:00[America/Bogota]","result":"SUCCESS","precondition":false,"level":2},{"number":12,"description":"Cliente clicks on I agree checkbox label","duration":352,"startTime":"2025-11-24T07:01:47.503595800-05:00[America/Bogota]","result":"SUCCESS","precondition":false,"level":2},{"number":13,"description":"Cliente clicks on register button","duration":210,"startTime":"2025-11-24T07:01:47.972355100-05:00[America/Bogota]","result":"SUCCESS","precondition":false,"level":2}]},{"number":14,"description":"Then he should see a message indicating that the username already exists","duration":0,"startTime":"2025-11-24T07:02:04.082685500-05:00[America/Bogota]","result":"SKIPPED","precondition":false,"level":1}]}],"userStory":{"id":"user_registration/UserRegistration","storyName":"User Registration in Advantage Online Shopping","displayName":"User Registration in Advantage Online Shopping","path":"user_registration/UserRegistration","pathElements":[{"name":"user_registration","description":""},{"name":"UserRegistration","description":""}],"narrative":"  The customer wants to create an account to start shopping.","type":"feature"},"title":"Failed registration due to existing username","description":"","tags":[{"name":"Chrome","type":"context","displayName":"Chrome"},{"name":"Windows","type":"context","displayName":"Windows"},{"name":"Chrome, Windows","type":"context","displayName":"Chrome, Windows"}],"startTime":"2025-11-24T07:01:39.641862400-05:00[America/Bogota]","duration":792,"testFailureCause":{"errorType":"java.lang.AssertionError","message":"\nExpected: an element that is visible\n     but: no matching element found by [[ChromeDriver: chrome on windows (e213514a0e5ee142f699f4fa42dce17c)] -\u003e id: registerSuccessCover]","stackTrace":[{"declaringClass":"co.edu.udea.calidad.automatizacion.tasks.Register","methodName":"performAs","fileName":"Register.java","lineNumber":40},{"declaringClass":"co.edu.udea.calidad.automatizacion.stepdefinitions.UserRegistrationStepDefinitions","methodName":"registerExistingUser","fileName":"UserRegistrationStepDefinitions.java","lineNumber":41},{"declaringClass":"worker.org.gradle.process.internal.worker.GradleWorkerMain","methodName":"run","fileName":"GradleWorkerMain.java","lineNumber":69},{"declaringClass":"worker.org.gradle.process.internal.worker.GradleWorkerMain","methodName":"main","fileName":"GradleWorkerMain.java","lineNumber":74}]},"testFailureClassname":"java.lang.AssertionError","testFailureMessage":"\nExpected: an element that is visible\n     but: no matching element found by [[ChromeDriver: chrome on windows (e213514a0e5ee142f699f4fa42dce17c)] -\u003e id: registerSuccessCover]","testFailureSummary":"FAILURE;java.lang.AssertionError;\nExpected: an element that is visible\n     but: no matching element found by [[ChromeDriver: chrome on windows (e213514a0e5ee142f699f4fa42dce17c)] -\u003e id: registerSuccessCover];Register.java","projectKey":"","annotatedResult":"FAILURE","sessionId":"e213514a0e5ee142f699f4fa42dce17c","driver":"chrome:cliente","isManualTestingUpToDate":false,"context":"chrome,windows","manual":false,"testSource":"Cucumber","actors":[{"name":"Cliente","can":["browse the web"]}],"order":0,"result":"FAILURE"}