{"name":"Successful user registration","id":"user-registration-in-advantage-online-shopping;successful-user-registration","scenarioId":"user_registration/UserRegistration:Successful user registration","methodName":"Successful user registration","testSteps":[{"number":1,"description":"Given that the customer navigates to the Advantage Online Shopping homepage","duration":5777,"startTime":"2025-11-24T07:01:04.080358800-05:00[America/Bogota]","result":"SUCCESS","precondition":false,"level":0,"children":[{"number":2,"description":"Cliente abre la pÃ¡gina principal","duration":5282,"startTime":"2025-11-24T07:01:04.511764200-05:00[America/Bogota]","result":"SUCCESS","precondition":false,"level":1,"children":[{"number":3,"description":"Cliente opens the browser at https://advantageonlineshopping.com/","duration":5194,"startTime":"2025-11-24T07:01:04.530275400-05:00[America/Bogota]","result":"SUCCESS","precondition":false,"level":2}]}]},{"number":4,"description":"When he registers with valid personal information","duration":0,"startTime":"2025-11-24T07:01:09.864593500-05:00[America/Bogota]","precondition":false,"level":0,"children":[{"number":5,"description":"Cliente register","duration":29483,"startTime":"2025-11-24T07:01:09.946354800-05:00[America/Bogota]","screenshots":[{"screenshot":"64d4479fc30a4d79aa2f7356ce3b0a46eb21ac5b5d87e1f832b80872a5411888.png","htmlSource":"pagesource4506866057867963078.html","timeStamp":1763985699420,"screenshotName":"64d4479fc30a4d79aa2f7356ce3b0a46eb21ac5b5d87e1f832b80872a5411888.png"}],"exception":{"errorType":"java.lang.AssertionError","message":"\nExpected: an element that is visible\n     but: no matching element found by [[ChromeDriver: chrome on windows (e213514a0e5ee142f699f4fa42dce17c)] -\u003e id: registerSuccessCover]","stackTrace":[{"declaringClass":"co.edu.udea.calidad.automatizacion.tasks.Register","methodName":"performAs","fileName":"Register.java","lineNumber":40},{"declaringClass":"co.edu.udea.calidad.automatizacion.stepdefinitions.UserRegistrationStepDefinitions","methodName":"registerValidUser","fileName":"UserRegistrationStepDefinitions.java","lineNumber":22},{"declaringClass":"worker.org.gradle.process.internal.worker.GradleWorkerMain","methodName":"run","fileName":"GradleWorkerMain.java","lineNumber":69},{"declaringClass":"worker.org.gradle.process.internal.worker.GradleWorkerMain","methodName":"main","fileName":"GradleWorkerMain.java","lineNumber":74}]},"result":"FAILURE","precondition":false,"level":1,"children":[{"number":6,"description":"Cliente clicks on user menu icon","duration":4812,"startTime":"2025-11-24T07:01:11.682003600-05:00[America/Bogota]","result":"SUCCESS","precondition":false,"level":2},{"number":7,"description":"Cliente clicks on create new account link","duration":548,"startTime":"2025-11-24T07:01:17.042444200-05:00[America/Bogota]","result":"SUCCESS","precondition":false,"level":2},{"number":8,"description":"Cliente enters \u0027nuevoUser9\u0027 into register username","duration":527,"startTime":"2025-11-24T07:01:18.158111800-05:00[America/Bogota]","result":"SUCCESS","precondition":false,"level":2},{"number":9,"description":"Cliente enters \u0027email9@gmail.com\u0027 into register email","duration":694,"startTime":"2025-11-24T07:01:18.725510700-05:00[America/Bogota]","result":"SUCCESS","precondition":false,"level":2},{"number":10,"description":"Cliente enters \u0027Password1*\u0027 into register password","duration":809,"startTime":"2025-11-24T07:01:19.456434400-05:00[America/Bogota]","result":"SUCCESS","precondition":false,"level":2},{"number":11,"description":"Cliente enters \u0027Password1*\u0027 into repeat password","duration":690,"startTime":"2025-11-24T07:01:20.415523900-05:00[America/Bogota]","result":"SUCCESS","precondition":false,"level":2},{"number":12,"description":"Cliente clicks on I agree checkbox label","duration":494,"startTime":"2025-11-24T07:01:21.777079400-05:00[America/Bogota]","result":"SUCCESS","precondition":false,"level":2},{"number":13,"description":"Cliente clicks on register button","duration":418,"startTime":"2025-11-24T07:01:22.668663900-05:00[America/Bogota]","result":"SUCCESS","precondition":false,"level":2}]},{"number":14,"description":"Then he should see a confirmation message indicating that the account was created successfully","duration":0,"startTime":"2025-11-24T07:01:39.496707700-05:00[America/Bogota]","result":"SKIPPED","precondition":false,"level":1}]}],"userStory":{"id":"user_registration/UserRegistration","storyName":"User Registration in Advantage Online Shopping","displayName":"User Registration in Advantage Online Shopping","path":"user_registration/UserRegistration","pathElements":[{"name":"user_registration","description":""},{"name":"UserRegistration","description":""}],"narrative":"  The customer wants to create an account to start shopping.","type":"feature"},"title":"Successful user registration","description":"","tags":[{"name":"Chrome","type":"context","displayName":"Chrome"},{"name":"Windows","type":"context","displayName":"Windows"},{"name":"Chrome, Windows","type":"context","displayName":"Chrome, Windows"}],"startTime":"2025-11-24T07:01:03.973583700-05:00[America/Bogota]","duration":5647,"testFailureCause":{"errorType":"java.lang.AssertionError","message":"\nExpected: an element that is visible\n     but: no matching element found by [[ChromeDriver: chrome on windows (e213514a0e5ee142f699f4fa42dce17c)] -\u003e id: registerSuccessCover]","stackTrace":[{"declaringClass":"co.edu.udea.calidad.automatizacion.tasks.Register","methodName":"performAs","fileName":"Register.java","lineNumber":40},{"declaringClass":"co.edu.udea.calidad.automatizacion.stepdefinitions.UserRegistrationStepDefinitions","methodName":"registerValidUser","fileName":"UserRegistrationStepDefinitions.java","lineNumber":22},{"declaringClass":"worker.org.gradle.process.internal.worker.GradleWorkerMain","methodName":"run","fileName":"GradleWorkerMain.java","lineNumber":69},{"declaringClass":"worker.org.gradle.process.internal.worker.GradleWorkerMain","methodName":"main","fileName":"GradleWorkerMain.java","lineNumber":74}]},"testFailureClassname":"java.lang.AssertionError","testFailureMessage":"\nExpected: an element that is visible\n     but: no matching element found by [[ChromeDriver: chrome on windows (e213514a0e5ee142f699f4fa42dce17c)] -\u003e id: registerSuccessCover]","testFailureSummary":"FAILURE;java.lang.AssertionError;\nExpected: an element that is visible\n     but: no matching element found by [[ChromeDriver: chrome on windows (e213514a0e5ee142f699f4fa42dce17c)] -\u003e id: registerSuccessCover];Register.java","projectKey":"","annotatedResult":"FAILURE","sessionId":"e213514a0e5ee142f699f4fa42dce17c","driver":"chrome:cliente","isManualTestingUpToDate":false,"context":"chrome,windows","manual":false,"testSource":"Cucumber","actors":[{"name":"Cliente","can":["browse the web"]}],"order":0,"result":"FAILURE"}