<?xml version="1.0" encoding="UTF-8" standalone="no"?><testsuite errors="0" failures="2" name="User Registration in Advantage Online Shopping" skipped="0" tests="2" time="6.44" timestamp="2025-11-24 07:01:03"><testcase name="Successful user registration"><failure message="&#10;Expected: an element that is visible&#10;     but: no matching element found by [[ChromeDriver: chrome on windows (e213514a0e5ee142f699f4fa42dce17c)] -&gt; id: registerSuccessCover]" type="java.lang.AssertionError">
Expected: an element that is visible
     but: no matching element found by [[ChromeDriver: chrome on windows (e213514a0e5ee142f699f4fa42dce17c)] -&gt; id: registerSuccessCover]</failure><system-err>
Expected: an element that is visible
     but: no matching element found by [[ChromeDriver: chrome on windows (e213514a0e5ee142f699f4fa42dce17c)] -&gt; id: registerSuccessCover]&#13;
co.edu.udea.calidad.automatizacion.tasks.Register.performAs(Register.java:40)&#13;
co.edu.udea.calidad.automatizacion.stepdefinitions.UserRegistrationStepDefinitions.registerValidUser(UserRegistrationStepDefinitions.java:22)&#13;
worker.org.gradle.process.internal.worker.GradleWorkerMain.run(GradleWorkerMain.java:69)&#13;
worker.org.gradle.process.internal.worker.GradleWorkerMain.main(GradleWorkerMain.java:74)&#13;
</system-err></testcase><testcase name="Failed registration due to existing username"><failure message="&#10;Expected: an element that is visible&#10;     but: no matching element found by [[ChromeDriver: chrome on windows (e213514a0e5ee142f699f4fa42dce17c)] -&gt; id: registerSuccessCover]" type="java.lang.AssertionError">
Expected: an element that is visible
     but: no matching element found by [[ChromeDriver: chrome on windows (e213514a0e5ee142f699f4fa42dce17c)] -&gt; id: registerSuccessCover]</failure><system-err>
Expected: an element that is visible
     but: no matching element found by [[ChromeDriver: chrome on windows (e213514a0e5ee142f699f4fa42dce17c)] -&gt; id: registerSuccessCover]&#13;
co.edu.udea.calidad.automatizacion.tasks.Register.performAs(Register.java:40)&#13;
co.edu.udea.calidad.automatizacion.stepdefinitions.UserRegistrationStepDefinitions.registerExistingUser(UserRegistrationStepDefinitions.java:41)&#13;
worker.org.gradle.process.internal.worker.GradleWorkerMain.run(GradleWorkerMain.java:69)&#13;
worker.org.gradle.process.internal.worker.GradleWorkerMain.main(GradleWorkerMain.java:74)&#13;
</system-err></testcase></testsuite>